2019-05-10 08:47:02,758 - INFO - server1.py - <module> - 11 - [ abc_bank 服务已启动 ]
2019-05-10 08:47:02,759 - INFO - server1.py - del_timeout_user - 32 - [ 监控异常登陆线程 <Thread(Thread-1, started 18156)> start ]
2019-05-10 08:48:25,034 - INFO - server1.py - abc_bank - 100 - [ abc {'username': '342901199012055022', 'password': '10221408', 'messagecode': '', 'messagecode_again': '', 'smscode': '', 'proxy': ''} ]
2019-05-10 08:48:25,034 - INFO - server1.py - abc_bank - 157 - ['用户: 342901199012055022  IP 地址: 127.0.0.1']
2019-05-10 08:48:25,035 - INFO - server1.py - abc_bank - 158 - ['User-Agent: PostmanRuntime/7.11.0']
2019-05-10 08:48:32,643 - INFO - abc_bank.py - get_verify_img - 50 - [ 获取验证码截图 ]
2019-05-10 08:48:33,446 - INFO - server1.py - abc_bank - 166 - [ 返回图片验证码用时:8.411268472671509 ]
2019-05-10 08:48:41,676 - INFO - server1.py - abc_bank - 100 - [ abc {'username': '342901199012055022', 'password': '10221408', 'messagecode': 'ywkk', 'messagecode_again': '', 'smscode': '', 'proxy': ''} ]
2019-05-10 08:48:41,677 - INFO - abc_bank.py - login - 104 - [ 开始登陆 ]
2019-05-10 08:48:55,332 - INFO - abc_bank.py - data_db - 242 - [ 开始提取数据 ]
2019-05-10 08:49:01,326 - INFO - abc_bank.py - get_person_info - 568 - [ 获取个人详情页信息 ]
2019-05-10 08:49:01,345 - INFO - abc_bank.py - card_info - 500 - [ 获取当月账单信息 ]
2019-05-10 08:49:07,966 - INFO - abc_bank.py - get_detail_bill - 380 - [ 获取半年月账单信息 ]
2019-05-10 08:49:46,209 - INFO - server1.py - abc_bank - 147 - [ 返回数据用时:64.53264141082764 {'code': '10000', 'creditCardInfo': {'bankCode': 'ABC', 'bankName': '农业银行', 'login_account': '342901199012055022', 'bill_date': '2019-06-01', 'current_bill_remain_amt': 0.0, 'id_card': '342901**********22', 'bill_address': -1, 'crawl_user_phone': '170*****656', 'card_no': '6253360027282333', 'balance': 2000.5, 'name': '巩丹丹', 'credit_limit': 2000.0, 'cash_balance': 1000.5, 'payment_due_date': '2019-06-01', 'complement_card_no': '6253360027282333', 'login_account_type': '1', 'reckoningSurveyNot': [{'enterBillNot': [], 'enterBill': []}], 'reckoningSurvey': [{'month': '2019-02', 'month_bill_date': '2019-02-07', 'month_payment_due_date': '2019-03-04', 'month_new_balance': 0.0, 'month_bill_amt': 0.0, 'month_min_payment': 0.0, 'details': [{'billingDate': '2019-01-18', 'transactionDate': '2019-01-18', 'rmb_amount': '160.00', 'description': '信用卡还款'}]}, {'month': '2019-01', 'month_bill_date': '2019-01-07', 'month_payment_due_date': '2019-02-01', 'month_new_balance': 160.0, 'month_bill_amt': 159.5, 'month_min_payment': 159.5, 'details': [{'billingDate': '2018-12-23', 'transactionDate': '2018-12-23', 'rmb_amount': '-160.00', 'description': '年费'}]}], 'enterBill': [], 'enterBillNot': []}, 'submitTime': 1557449382, 'updTime': None} ]
2019-05-10 08:49:56,138 - INFO - server1.py - abc_bank - 100 - [ abc {'username': '15295240290', 'password': 'zy120928', 'messagecode': '', 'messagecode_again': '', 'smscode': '', 'proxy': ''} ]
2019-05-10 08:49:56,139 - INFO - server1.py - abc_bank - 157 - ['用户: 15295240290  IP 地址: 127.0.0.1']
2019-05-10 08:49:56,139 - INFO - server1.py - abc_bank - 158 - ['User-Agent: PostmanRuntime/7.11.0']
2019-05-10 08:50:03,184 - INFO - abc_bank.py - get_verify_img - 50 - [ 获取验证码截图 ]
2019-05-10 08:50:04,024 - INFO - server1.py - abc_bank - 166 - [ 返回图片验证码用时:7.885344505310059 ]
2019-05-10 08:50:10,110 - INFO - server1.py - abc_bank - 100 - [ abc {'username': '15295240290', 'password': 'zy120928', 'messagecode': 'ackg', 'messagecode_again': '', 'smscode': '', 'proxy': ''} ]
2019-05-10 08:50:10,111 - INFO - abc_bank.py - login - 104 - [ 开始登陆 ]
2019-05-10 08:50:22,713 - INFO - abc_bank.py - data_db - 242 - [ 开始提取数据 ]
2019-05-10 08:50:28,536 - INFO - abc_bank.py - get_person_info - 568 - [ 获取个人详情页信息 ]
2019-05-10 08:50:28,557 - INFO - abc_bank.py - card_info - 500 - [ 获取当月账单信息 ]
2019-05-10 08:50:35,148 - INFO - abc_bank.py - get_detail_bill - 380 - [ 获取半年月账单信息 ]
2019-05-10 08:51:12,598 - INFO - server1.py - abc_bank - 147 - [ 返回数据用时:62.48869609832764 {'code': '10000', 'creditCardInfo': {'bankCode': 'ABC', 'bankName': '农业银行', 'login_account': '15295240290', 'bill_date': '2019-05-08', 'current_bill_remain_amt': 0.0, 'id_card': '321283**********52', 'bill_address': -1, 'crawl_user_phone': '152*****290', 'card_no': '6259960185602984', 'balance': 6000.0, 'name': '赵洋', 'credit_limit': 6000.0, 'cash_balance': 3000.0, 'payment_due_date': '2019-05-08', 'complement_card_no': '6259960185602984', 'login_account_type': '2', 'reckoningSurveyNot': [{'enterBillNot': [{'transactionDate': '2019-05-06', 'billingDate': '2019-05-06', 'description': '卡卡转账', 'rmb_amount': '40'}], 'enterBill': []}], 'reckoningSurvey': [{'month': '2019-04', 'month_bill_date': '2019-04-13', 'month_payment_due_date': '2019-05-08', 'month_new_balance': 40.0, 'month_bill_amt': 40.0, 'month_min_payment': 5.0, 'details': [{'billingDate': '2019-03-30', 'transactionDate': '2019-03-30', 'rmb_amount': '-40.00', 'description': 'ETC通行费'}]}, {'month': '2019-03', 'month_bill_date': '2019-03-13', 'month_payment_due_date': '2019-04-07', 'month_new_balance': 0.0, 'month_bill_amt': 0.0, 'month_min_payment': 0.0, 'details': [{'billingDate': '2019-03-09', 'transactionDate': '2019-03-09', 'rmb_amount': '4689.00', 'description': '卡卡转账'}]}, {'month': '2019-02', 'month_bill_date': '2019-02-13', 'month_payment_due_date': '2019-03-10', 'month_new_balance': 4689.0, 'month_bill_amt': 4689.0, 'month_min_payment': 468.9, 'details': [{'billingDate': '2019-01-17', 'transactionDate': '2019-01-17', 'rmb_amount': '-4689.00', 'description': '跨行消费'}]}, {'month': '2019-01', 'month_bill_date': '2019-01-13', 'month_payment_due_date': '2019-02-07', 'month_new_balance': 0.0, 'month_bill_amt': 0.0, 'month_min_payment': 0.0, 'details': [{'billingDate': '2018-12-20', 'transactionDate': '2018-12-20', 'rmb_amount': '85.00', 'description': '卡卡转账'}]}, {'month': '2018-12', 'month_bill_date': '2018-12-13', 'month_payment_due_date': '2019-01-07', 'month_new_balance': 85.0, 'month_bill_amt': 85.0, 'month_min_payment': 8.5, 'details': [{'billingDate': '2018-12-05', 'transactionDate': '2018-12-05', 'rmb_amount': '180.00', 'description': '卡卡转账'}, {'billingDate': '2018-12-08', 'transactionDate': '2018-12-08', 'rmb_amount': '-15.00', 'description': 'ETC通行费'}, {'billingDate': '2018-12-08', 'transactionDate': '2018-12-08', 'rmb_amount': '-30.00', 'description': 'ETC通行费'}, {'billingDate': '2018-12-09', 'transactionDate': '2018-12-09', 'rmb_amount': '-40.00', 'description': 'ETC通行费'}]}, {'month': '2018-11', 'month_bill_date': '2018-11-13', 'month_payment_due_date': '2018-12-08', 'month_new_balance': 180.0, 'month_bill_amt': 180.0, 'month_min_payment': 18.0, 'details': [{'billingDate': '2018-11-02', 'transactionDate': '2018-11-02', 'rmb_amount': '-100.00', 'description': '网上消费'}, {'billingDate': '2018-11-03', 'transactionDate': '2018-11-03', 'rmb_amount': '-40.00', 'description': 'ETC通行费'}, {'billingDate': '2018-11-04', 'transactionDate': '2018-11-04', 'rmb_amount': '-40.00', 'description': 'ETC通行费'}]}], 'enterBill': [], 'enterBillNot': []}, 'submitTime': 1557449468, 'updTime': None} ]
