2019-05-05 09:32:12,617 - INFO - server1.py - <module> - 10 - [ abc_bank 服务已启动 ]
2019-05-05 09:32:12,618 - INFO - server1.py - del_timeout_user - 31 - [ 监控异常登陆线程 <Thread(Thread-1, started 6360)> start ]
2019-05-05 09:32:47,385 - INFO - server1.py - abc_bank - 100 - [ abc {'username': '15295240290', 'password': 'zy120928', 'messagecode': '', 'messagecode_again': '', 'smscode': '', 'proxy': ''} ]
2019-05-05 09:32:47,385 - INFO - server1.py - abc_bank - 157 - ['用户: 15295240290  IP 地址: 127.0.0.1']
2019-05-05 09:32:47,385 - INFO - server1.py - abc_bank - 158 - ['User-Agent: PostmanRuntime/7.11.0']
2019-05-05 09:33:52,106 - INFO - abc_bank.py - get_verify_img - 50 - [ 获取验证码截图 ]
2019-05-05 09:33:52,718 - INFO - server1.py - abc_bank - 166 - [ 返回图片验证码用时:65.3334641456604 ]
2019-05-05 09:33:55,492 - INFO - server1.py - abc_bank - 100 - [ abc {'username': '15295240290', 'password': 'zy120928', 'messagecode': '', 'messagecode_again': '', 'smscode': '', 'proxy': ''} ]
2019-05-05 09:33:55,493 - INFO - server1.py - abc_bank - 157 - ['用户: 15295240290  IP 地址: 127.0.0.1']
2019-05-05 09:33:55,493 - INFO - server1.py - abc_bank - 158 - ['User-Agent: PostmanRuntime/7.11.0']
2019-05-05 09:34:04,610 - INFO - abc_bank.py - get_verify_img - 50 - [ 获取验证码截图 ]
2019-05-05 09:34:05,132 - INFO - server1.py - abc_bank - 166 - [ 返回图片验证码用时:9.64008903503418 ]
2019-05-05 09:34:08,850 - INFO - server1.py - abc_bank - 100 - [ abc {'username': '15295240290', 'password': 'zy120928', 'messagecode': '', 'messagecode_again': '', 'smscode': '', 'proxy': ''} ]
2019-05-05 09:34:08,850 - INFO - server1.py - abc_bank - 157 - ['用户: 15295240290  IP 地址: 127.0.0.1']
2019-05-05 09:34:08,850 - INFO - server1.py - abc_bank - 158 - ['User-Agent: PostmanRuntime/7.11.0']
2019-05-05 09:34:37,561 - INFO - abc_bank.py - get_verify_img - 50 - [ 获取验证码截图 ]
2019-05-05 09:34:38,079 - INFO - server1.py - abc_bank - 166 - [ 返回图片验证码用时:29.230252504348755 ]
2019-05-05 09:34:41,221 - INFO - server1.py - abc_bank - 100 - [ abc {'username': '15295240290', 'password': 'zy120928', 'messagecode': 'jfam', 'messagecode_again': '', 'smscode': '', 'proxy': ''} ]
2019-05-05 09:34:41,221 - INFO - abc_bank.py - login - 104 - [ 开始登陆 ]
2019-05-05 09:35:01,543 - INFO - abc_bank.py - data_db - 243 - [ 开始提取数据 ]
2019-05-05 09:35:08,623 - INFO - abc_bank.py - get_person_info - 558 - [ 获取个人详情页信息 ]
2019-05-05 09:35:08,643 - INFO - abc_bank.py - card_info - 490 - [ 获取当月账单信息 ]
2019-05-05 09:35:18,447 - INFO - abc_bank.py - get_detail_bill - 381 - [ 获取半年月账单信息 ]
2019-05-05 09:36:05,657 - INFO - server1.py - abc_bank - 147 - [ 返回数据用时:84.43624305725098 {'code': '10000', 'creditCardInfo': {'bankCode': 'ABC', 'bankName': '农业银行', 'login_account': '15295240290', 'bill_date': '2019-05-08', 'current_bill_remain_amt': 40.0, 'id_card': '321283**********52', 'bill_address': -1, 'crawl_user_phone': '152*****290', 'card_no': '6259960185602984', 'balance': 5960.0, 'name': '赵洋', 'credit_limit': 6000.0, 'cash_balance': 3000.0, 'payment_due_date': '2019-05-08', 'complement_card_no': '6259960185602984', 'login_account_type': '2', 'reckoningSurveyNot': [{'enterBillNot': [], 'enterBill': []}], 'reckoningSurvey': [{'month': '2019-04', 'month_bill_date': '2019-04-13', 'month_payment_due_date': '2019-05-08', 'month_new_balance': 40.0, 'month_bill_amt': 40.0, 'month_min_payment': 5.0, 'details': [{'billingDate': '2019-03-30', 'transactionDate': '2019-03-30', 'rmb_amount': '-40.00', 'description': 'ETC通行费'}]}, {'month': '2019-03', 'month_bill_date': '2019-03-13', 'month_payment_due_date': '2019-04-07', 'month_new_balance': 0.0, 'month_bill_amt': 0.0, 'month_min_payment': 0.0, 'details': [{'billingDate': '2019-03-09', 'transactionDate': '2019-03-09', 'rmb_amount': '4689.00', 'description': '卡卡转账'}]}, {'month': '2019-02', 'month_bill_date': '2019-02-13', 'month_payment_due_date': '2019-03-10', 'month_new_balance': 4689.0, 'month_bill_amt': 4689.0, 'month_min_payment': 468.9, 'details': [{'billingDate': '2019-01-17', 'transactionDate': '2019-01-17', 'rmb_amount': '-4689.00', 'description': '跨行消费'}]}, {'month': '2019-01', 'month_bill_date': '2019-01-13', 'month_payment_due_date': '2019-02-07', 'month_new_balance': 0.0, 'month_bill_amt': 0.0, 'month_min_payment': 0.0, 'details': [{'billingDate': '2018-12-20', 'transactionDate': '2018-12-20', 'rmb_amount': '85.00', 'description': '卡卡转账'}]}, {'month': '2018-12', 'month_bill_date': '2018-12-13', 'month_payment_due_date': '2019-01-07', 'month_new_balance': 85.0, 'month_bill_amt': 85.0, 'month_min_payment': 8.5, 'details': [{'billingDate': '2018-12-05', 'transactionDate': '2018-12-05', 'rmb_amount': '180.00', 'description': '卡卡转账'}, {'billingDate': '2018-12-08', 'transactionDate': '2018-12-08', 'rmb_amount': '-15.00', 'description': 'ETC通行费'}, {'billingDate': '2018-12-08', 'transactionDate': '2018-12-08', 'rmb_amount': '-30.00', 'description': 'ETC通行费'}, {'billingDate': '2018-12-09', 'transactionDate': '2018-12-09', 'rmb_amount': '-40.00', 'description': 'ETC通行费'}]}, {'month': '2018-11', 'month_bill_date': '2018-11-13', 'month_payment_due_date': '2018-12-08', 'month_new_balance': 180.0, 'month_bill_amt': 180.0, 'month_min_payment': 18.0, 'details': [{'billingDate': '2018-11-02', 'transactionDate': '2018-11-02', 'rmb_amount': '-100.00', 'description': '网上消费'}, {'billingDate': '2018-11-03', 'transactionDate': '2018-11-03', 'rmb_amount': '-40.00', 'description': 'ETC通行费'}, {'billingDate': '2018-11-04', 'transactionDate': '2018-11-04', 'rmb_amount': '-40.00', 'description': 'ETC通行费'}]}], 'enterBill': [], 'enterBillNot': []}, 'submitTime': 1557020161, 'updTime': None} ]
2019-05-05 09:36:31,090 - INFO - server1.py - abc_bank - 100 - [ abc {'username': '17095118656', 'password': '10221408', 'messagecode': '', 'messagecode_again': '', 'smscode': '', 'proxy': ''} ]
2019-05-05 09:36:31,090 - INFO - server1.py - abc_bank - 157 - ['用户: 17095118656  IP 地址: 127.0.0.1']
2019-05-05 09:36:31,091 - INFO - server1.py - abc_bank - 158 - ['User-Agent: PostmanRuntime/7.11.0']
2019-05-05 09:36:42,352 - INFO - abc_bank.py - get_verify_img - 50 - [ 获取验证码截图 ]
2019-05-05 09:36:42,842 - INFO - server1.py - abc_bank - 166 - [ 返回图片验证码用时:11.75190544128418 ]
2019-05-05 09:36:45,265 - INFO - server1.py - abc_bank - 100 - [ abc {'username': '17095118656', 'password': '10221408', 'messagecode': '', 'messagecode_again': '', 'smscode': '', 'proxy': ''} ]
2019-05-05 09:36:45,266 - INFO - server1.py - abc_bank - 157 - ['用户: 17095118656  IP 地址: 127.0.0.1']
2019-05-05 09:36:45,266 - INFO - server1.py - abc_bank - 158 - ['User-Agent: PostmanRuntime/7.11.0']
2019-05-05 09:36:52,535 - INFO - abc_bank.py - get_verify_img - 50 - [ 获取验证码截图 ]
2019-05-05 09:36:53,113 - INFO - server1.py - abc_bank - 166 - [ 返回图片验证码用时:7.848772764205933 ]
2019-05-05 09:36:54,917 - INFO - server1.py - abc_bank - 100 - [ abc {'username': '17095118656', 'password': '10221408', 'messagecode': '', 'messagecode_again': '', 'smscode': '', 'proxy': ''} ]
2019-05-05 09:36:54,917 - INFO - server1.py - abc_bank - 157 - ['用户: 17095118656  IP 地址: 127.0.0.1']
2019-05-05 09:36:54,918 - INFO - server1.py - abc_bank - 158 - ['User-Agent: PostmanRuntime/7.11.0']
2019-05-05 09:37:01,862 - INFO - abc_bank.py - get_verify_img - 50 - [ 获取验证码截图 ]
2019-05-05 09:37:02,575 - INFO - server1.py - abc_bank - 166 - [ 返回图片验证码用时:7.657993316650391 ]
2019-05-05 09:37:13,939 - INFO - server1.py - abc_bank - 100 - [ abc {'username': '17095118656', 'password': '10221408', 'messagecode': 'pnvd', 'messagecode_again': '', 'smscode': '', 'proxy': ''} ]
2019-05-05 09:37:13,940 - INFO - abc_bank.py - login - 104 - [ 开始登陆 ]
2019-05-05 09:37:30,608 - INFO - abc_bank.py - data_db - 243 - [ 开始提取数据 ]
2019-05-05 09:37:37,776 - INFO - abc_bank.py - get_person_info - 558 - [ 获取个人详情页信息 ]
2019-05-05 09:37:37,800 - INFO - abc_bank.py - card_info - 490 - [ 获取当月账单信息 ]
2019-05-05 09:37:47,160 - INFO - abc_bank.py - get_detail_bill - 381 - [ 获取半年月账单信息 ]
2019-05-05 09:38:27,981 - INFO - server1.py - abc_bank - 147 - [ 返回数据用时:74.04164862632751 {'code': '10000', 'creditCardInfo': {'bankCode': 'ABC', 'bankName': '农业银行', 'login_account': '17095118656', 'bill_date': '2019-05-02', 'current_bill_remain_amt': 0.0, 'id_card': '342901**********22', 'bill_address': -1, 'crawl_user_phone': '170*****656', 'card_no': '6253360027282333', 'balance': 2000.5, 'name': '巩丹丹', 'credit_limit': 2000.0, 'cash_balance': 1000.5, 'payment_due_date': '2019-05-02', 'complement_card_no': '6253360027282333', 'login_account_type': '2', 'reckoningSurveyNot': [{'enterBillNot': [], 'enterBill': []}], 'reckoningSurvey': [{'month': '2019-02', 'month_bill_date': '2019-02-07', 'month_payment_due_date': '2019-03-04', 'month_new_balance': 0.0, 'month_bill_amt': 0.0, 'month_min_payment': 0.0, 'details': [{'billingDate': '2019-01-18', 'transactionDate': '2019-01-18', 'rmb_amount': '160.00', 'description': '信用卡还款'}]}, {'month': '2019-01', 'month_bill_date': '2019-01-07', 'month_payment_due_date': '2019-02-01', 'month_new_balance': 160.0, 'month_bill_amt': 159.5, 'month_min_payment': 159.5, 'details': [{'billingDate': '2018-12-23', 'transactionDate': '2018-12-23', 'rmb_amount': '-160.00', 'description': '年费'}]}], 'enterBill': [], 'enterBillNot': []}, 'submitTime': 1557020304, 'updTime': None} ]
2019-05-05 09:38:48,661 - INFO - server1.py - abc_bank - 100 - [ abc {'username': '15295240290', 'password': 'zy120928', 'messagecode': '', 'messagecode_again': '', 'smscode': '', 'proxy': ''} ]
2019-05-05 09:38:48,661 - INFO - server1.py - abc_bank - 157 - ['用户: 15295240290  IP 地址: 127.0.0.1']
2019-05-05 09:38:48,661 - INFO - server1.py - abc_bank - 158 - ['User-Agent: PostmanRuntime/7.11.0']
2019-05-05 09:38:57,636 - INFO - abc_bank.py - get_verify_img - 50 - [ 获取验证码截图 ]
2019-05-05 09:38:58,127 - INFO - server1.py - abc_bank - 166 - [ 返回图片验证码用时:9.465980052947998 ]
2019-05-05 09:38:59,989 - INFO - server1.py - abc_bank - 100 - [ abc {'username': '15295240290', 'password': 'zy120928', 'messagecode': '', 'messagecode_again': '', 'smscode': '', 'proxy': ''} ]
2019-05-05 09:38:59,989 - INFO - server1.py - abc_bank - 157 - ['用户: 15295240290  IP 地址: 127.0.0.1']
2019-05-05 09:38:59,989 - INFO - server1.py - abc_bank - 158 - ['User-Agent: PostmanRuntime/7.11.0']
2019-05-05 09:39:06,929 - INFO - abc_bank.py - get_verify_img - 50 - [ 获取验证码截图 ]
2019-05-05 09:39:07,449 - INFO - server1.py - abc_bank - 166 - [ 返回图片验证码用时:7.460949659347534 ]
2019-05-05 09:43:29,330 - INFO - server1.py - <module> - 10 - [ abc_bank 服务已启动 ]
2019-05-05 09:43:29,331 - INFO - server1.py - del_timeout_user - 31 - [ 监控异常登陆线程 <Thread(Thread-1, started 11016)> start ]
2019-05-05 09:43:35,345 - INFO - server1.py - abc_bank - 103 - [ abc {'username': '15295240290', 'password': 'zy120928', 'messagecode': '', 'messagecode_again': '', 'smscode': '', 'proxy': ''} ]
2019-05-05 09:43:35,346 - INFO - server1.py - abc_bank - 160 - ['用户: 15295240290  IP 地址: 127.0.0.1']
2019-05-05 09:43:35,346 - INFO - server1.py - abc_bank - 161 - ['User-Agent: PostmanRuntime/7.11.0']
2019-05-05 09:43:42,927 - INFO - abc_bank.py - get_verify_img - 50 - [ 获取验证码截图 ]
2019-05-05 09:43:43,495 - INFO - server1.py - abc_bank - 169 - [ 返回图片验证码用时:8.15003514289856 ]
2019-05-05 09:43:46,991 - INFO - server1.py - abc_bank - 103 - [ abc {'username': '15295240290', 'password': 'zy120928', 'messagecode': '', 'messagecode_again': '', 'smscode': '', 'proxy': ''} ]
2019-05-05 09:43:46,991 - INFO - server1.py - abc_bank - 160 - ['用户: 15295240290  IP 地址: 127.0.0.1']
2019-05-05 09:43:46,992 - INFO - server1.py - abc_bank - 161 - ['User-Agent: PostmanRuntime/7.11.0']
2019-05-05 09:43:53,734 - INFO - abc_bank.py - get_verify_img - 50 - [ 获取验证码截图 ]
2019-05-05 09:43:54,306 - INFO - server1.py - abc_bank - 169 - [ 返回图片验证码用时:7.315034627914429 ]
2019-05-05 09:49:02,533 - INFO - server1.py - del_timeout_user - 43 - [ 用户: 15295240290 'ip: 127.0.0.1'长时间未操作，已主动关闭浏览器，清空服务器 user,time 数据]
